Using pre-set license
Built from '2020.3/release' branch; Version is '2020.3.2f1 (8fd9074bf66c) revision 9427207'; Using compiler version '192528614'; Build Type 'Release'
OS: 'Windows 10 Home; OS build 19041.928; Version 2004; 64bit' Language: 'en' Physical Memory: 16183 MB
BatchMode: 1, IsHumanControllingUs: 0, StartBugReporterOnCrash: 0, Is64bit: 1, IsPro: 0

 COMMAND LINE ARGUMENTS:
C:\Users\webie\Dropbox\My PC (LAPTOP-CR8FVCN2)\Desktop\Unity\2020.3.2f1\Editor\Unity.exe
-adb2
-batchMode
-noUpm
-name
AssetImportWorker0
-projectPath
C:/Users/webie/Dropbox/My PC (LAPTOP-CR8FVCN2)/Desktop/New Unity Project
-logFile
Logs/AssetImportWorker0.log
-srvPort
55607
Successfully changed project path to: C:/Users/webie/Dropbox/My PC (LAPTOP-CR8FVCN2)/Desktop/New Unity Project
C:/Users/webie/Dropbox/My PC (LAPTOP-CR8FVCN2)/Desktop/New Unity Project
Using Asset Import Pipeline V2.
Refreshing native plugins compatible for Editor in 181.57 ms, found 0 plugins.
Preloading 0 native plugins for Editor in 0.00 ms.
Initialize engine version: 2020.3.2f1 (8fd9074bf66c)
[Subsystems] Discovering subsystems at path C:/Users/webie/Dropbox/My PC (LAPTOP-CR8FVCN2)/Desktop/Unity/2020.3.2f1/Editor/Data/Resources/UnitySubsystems
[Subsystems] Discovering subsystems at path C:/Users/webie/Dropbox/My PC (LAPTOP-CR8FVCN2)/Desktop/New Unity Project/Assets
GfxDevice: creating device client; threaded=0
Direct3D:
    Version:  Direct3D 11.0 [level 11.1]
    Renderer: Intel(R) Iris(R) Xe Graphics (ID=0x9a49)
    Vendor:   
    VRAM:     8091 MB
    Driver:   27.20.100.8439
Initialize mono
Mono path[0] = 'C:/Users/webie/Dropbox/My PC (LAPTOP-CR8FVCN2)/Desktop/Unity/2020.3.2f1/Editor/Data/Managed'
Mono path[1] = 'C:/Users/webie/Dropbox/My PC (LAPTOP-CR8FVCN2)/Desktop/Unity/2020.3.2f1/Editor/Data/MonoBleedingEdge/lib/mono/unityjit'
Mono config path = 'C:/Users/webie/Dropbox/My PC (LAPTOP-CR8FVCN2)/Desktop/Unity/2020.3.2f1/Editor/Data/MonoBleedingEdge/etc'
Using monoOptions --debugger-agent=transport=dt_socket,embedding=1,server=y,suspend=n,address=127.0.0.1:56668
Begin MonoManager ReloadAssembly
Registering precompiled unity dll's ...
Register platform support module: C:/Users/webie/Dropbox/My PC (LAPTOP-CR8FVCN2)/Desktop/Unity/2020.3.2f1/Editor/Data/PlaybackEngines/MacStandaloneSupport/UnityEditor.OSXStandalone.Extensions.dll
Register platform support module: C:/Users/webie/Dropbox/My PC (LAPTOP-CR8FVCN2)/Desktop/Unity/2020.3.2f1/Editor/Data/PlaybackEngines/WindowsStandaloneSupport/UnityEditor.WindowsStandalone.Extensions.dll
Register platform support module: C:/Users/webie/Dropbox/My PC (LAPTOP-CR8FVCN2)/Desktop/Unity/2020.3.2f1/Editor/Data/PlaybackEngines/LinuxStandaloneSupport/UnityEditor.LinuxStandalone.Extensions.dll
Registered in 0.009021 seconds.
Native extension for LinuxStandalone target not found
Native extension for WindowsStandalone target not found
Native extension for OSXStandalone target not found
Refreshing native plugins compatible for Editor in 169.02 ms, found 0 plugins.
Preloading 0 native plugins for Editor in 0.00 ms.
Invoked RoslynAnalysisRunner static constructor.
RoslynAnalysisRunner will not be running.
RoslynAnalysisRunner has terminated.
Mono: successfully reloaded assembly
- Completed reload, in  5.685 seconds
Platform modules already initialized, skipping
Registering precompiled user dll's ...
Registered in 0.003322 seconds.
Begin MonoManager ReloadAssembly
Native extension for LinuxStandalone target not found
Native extension for WindowsStandalone target not found
Native extension for OSXStandalone target not found
Refreshing native plugins compatible for Editor in 0.70 ms, found 0 plugins.
Preloading 0 native plugins for Editor in 0.00 ms.
Invoked RoslynAnalysisRunner static constructor.
RoslynAnalysisRunner will not be running.
RoslynAnalysisRunner has terminated.
Mono: successfully reloaded assembly
- Completed reload, in  1.956 seconds
Platform modules already initialized, skipping
========================================================================
Worker process is ready to serve import requests
Launched and connected shader compiler UnityShaderCompiler.exe after 0.09 seconds
Refreshing native plugins compatible for Editor in 0.95 ms, found 0 plugins.
Preloading 0 native plugins for Editor in 0.00 ms.
Unloading 1375 Unused Serialized files (Serialized files now loaded: 0)
System memory in use before: 102.7 MB.
System memory in use after: 102.2 MB.

Unloading 14 unused Assets to reduce memory usage. Loaded Objects now: 1962.
Total: 4.593600 ms (FindLiveObjects: 0.376700 ms CreateObjectMapping: 0.093100 ms MarkObjects: 2.859100 ms  DeleteObjects: 1.262100 ms)

========================================================================
Received Import Request.
  path: Assets/Scenes/Competition.unity
  artifactKey: Guid(26aa05358d3db0240bd61f3821453b38) Importer(815301076,1909f56bfc062723c751e8b465ee728b)
Start importing Assets/Scenes/Competition.unity using Guid(26aa05358d3db0240bd61f3821453b38) Importer(815301076,1909f56bfc062723c751e8b465ee728b)  -> (artifact id: '612a6f884f1d919ebfbe9d26e48005a6') in 0.024205 seconds
  Import took 0.028882 seconds .

========================================================================
Received Import Request.
  Time since last request: 68.343750 seconds.
  path: Assets/Main.mixer
  artifactKey: Guid(1c642b81fd3b04f43bd8c8e7537b634a) Importer(815301076,1909f56bfc062723c751e8b465ee728b)
Start importing Assets/Main.mixer using Guid(1c642b81fd3b04f43bd8c8e7537b634a) Importer(815301076,1909f56bfc062723c751e8b465ee728b)  -> (artifact id: 'df3376d935faa4fa27e2ab1b02627579') in 29.692807 seconds
  Import took 35.217220 seconds .

========================================================================
Received Prepare
Registering precompiled user dll's ...
Registered in 0.004100 seconds.
Begin MonoManager ReloadAssembly
Native extension for LinuxStandalone target not found
Native extension for WindowsStandalone target not found
Native extension for OSXStandalone target not found
Refreshing native plugins compatible for Editor in 1.73 ms, found 0 plugins.
Preloading 0 native plugins for Editor in 0.00 ms.
Invoked RoslynAnalysisRunner static constructor.
RoslynAnalysisRunner will not be running.
RoslynAnalysisRunner has terminated.
Mono: successfully reloaded assembly
- Completed reload, in  3.061 seconds
Platform modules already initialized, skipping
Refreshing native plugins compatible for Editor in 1.84 ms, found 0 plugins.
Preloading 0 native plugins for Editor in 0.00 ms.
Unloading 1323 Unused Serialized files (Serialized files now loaded: 0)
System memory in use before: 98.0 MB.
System memory in use after: 97.6 MB.

Unloading 9 unused Assets to reduce memory usage. Loaded Objects now: 1965.
Total: 4.535300 ms (FindLiveObjects: 0.233800 ms CreateObjectMapping: 0.070500 ms MarkObjects: 3.456400 ms  DeleteObjects: 0.771200 ms)

AssetImportWorkerClient::OnTransportError - code=2 error=End of file
